
> dev
> node ./server.js

8:14:54 PM [vite] (client) Re-optimizing dependencies because lockfile has changed
Express server listening at http://localhost:3000
🔌  New client connected
Error parsing Twilio message: SyntaxError: Unexpected token 'e', "test
" is not valid JSON
    at JSON.parse (<anonymous>)
    at WebSocket.<anonymous> (file:///Users/kylegreenwell/hard-calls-vg/server.js:110:25)
    at WebSocket.emit (node:events:524:28)
    at Receiver.receiverOnMessage (/Users/kylegreenwell/hard-calls-vg/node_modules/ws/lib/websocket.js:1220:20)
    at Receiver.emit (node:events:524:28)
    at Receiver.dataMessage (/Users/kylegreenwell/hard-calls-vg/node_modules/ws/lib/receiver.js:596:14)
    at Receiver.getData (/Users/kylegreenwell/hard-calls-vg/node_modules/ws/lib/receiver.js:496:10)
    at Receiver.startLoop (/Users/kylegreenwell/hard-calls-vg/node_modules/ws/lib/receiver.js:167:16)
    at Receiver._write (/Users/kylegreenwell/hard-calls-vg/node_modules/ws/lib/receiver.js:94:10)
    at writeOrBuffer (node:internal/streams/writable:572:12)
❌  Twilio client disconnected
🎶  Voice Gateway connected to ElevenLabs
📤 Sent conversation initialization to ElevenLabs
📨  ElevenLabs Event: conversation_initiation_metadata
📨  ElevenLabs Event: ping
📨  ElevenLabs Event: ping
📨  ElevenLabs Event: ping
📨  ElevenLabs Event: ping
📨  ElevenLabs Event: ping
📨  ElevenLabs Event: ping
📨  ElevenLabs Event: ping
📨  ElevenLabs Event: ping
📨  ElevenLabs Event: ping
📨  ElevenLabs Event: ping
📨  ElevenLabs Event: ping
📨  ElevenLabs Event: ping
📨  ElevenLabs Event: ping
📨  ElevenLabs Event: ping
📨  ElevenLabs Event: ping
📨  ElevenLabs Event: ping
📨  ElevenLabs Event: ping
📨  ElevenLabs Event: ping
📨  ElevenLabs Event: ping
📨  ElevenLabs Event: ping
📨  ElevenLabs Event: ping
📨  ElevenLabs Event: ping
📨  ElevenLabs Event: ping
📨  ElevenLabs Event: ping
📨  ElevenLabs Event: ping
📨  ElevenLabs Event: ping
📨  ElevenLabs Event: ping
📨  ElevenLabs Event: ping
📨  ElevenLabs Event: ping
📨  ElevenLabs Event: ping
📨  ElevenLabs Event: ping
📨  ElevenLabs Event: ping
📨  ElevenLabs Event: ping
📨  ElevenLabs Event: ping
